<?xml version="1.0" encoding="UTF-8"?>
<testsuite name="de.quandoo.recruitment.registry.DataBaseTest" tests="4" skipped="0" failures="0" errors="0" timestamp="2023-02-20T14:36:33" hostname="HOT-C02FV2W0MD6M.local" time="0.004">
  <properties/>
  <testcase name="It should return the same instance when #getCustomerCuisines is called" classname="de.quandoo.recruitment.registry.DataBaseTest" time="0.001"/>
  <testcase name="It should return a not null instance" classname="de.quandoo.recruitment.registry.DataBaseTest" time="0.001"/>
  <testcase name="It should return the same instance when #getCuisineCustomers is called" classname="de.quandoo.recruitment.registry.DataBaseTest" time="0.001"/>
  <testcase name="It should return a valid instance" classname="de.quandoo.recruitment.registry.DataBaseTest" time="0.001"/>
  <system-out><![CDATA[]]></system-out>
  <system-err><![CDATA[]]></system-err>
</testsuite>
